[demo.artureanec.com/html/r-energy/intro.html]
[demo.artureanec.com/html/r-energy/img/favicon.ico]
[backblue.gif]
[fade.gif]
[index.html]
[demo.artureanec.com/html/r-energy/css/styles.min.css]
[demo.artureanec.com/html/r-energy/img/intro.jpg]
[demo.artureanec.com/html/r-energy/index.html]
[demo.artureanec.com/html/r-energy/img/demo_1.jpg]
[demo.artureanec.com/html/r-energy/index-2.html]
[demo.artureanec.com/html/r-energy/img/demo_2.jpg]
[demo.artureanec.com/html/r-energy/img/demo_3.jpg]
[demo.artureanec.com/html/r-energy/index-3.html]
[demo.artureanec.com/html/r-energy/about.html]
[demo.artureanec.com/html/r-energy/img/page_1.jpg]
[demo.artureanec.com/html/r-energy/services.html]
[demo.artureanec.com/html/r-energy/img/page_2.jpg]
[demo.artureanec.com/html/r-energy/services-details.html]
[demo.artureanec.com/html/r-energy/img/page_3.jpg]
[demo.artureanec.com/html/r-energy/cases.html]
[demo.artureanec.com/html/r-energy/img/page_4.jpg]
[demo.artureanec.com/html/r-energy/cases-details.html]
[demo.artureanec.com/html/r-energy/img/page_5.jpg]
[demo.artureanec.com/html/r-energy/products.html]
[demo.artureanec.com/html/r-energy/img/page_6.jpg]
[demo.artureanec.com/html/r-energy/product-details.html]
[demo.artureanec.com/html/r-energy/img/page_7.jpg]
[demo.artureanec.com/html/r-energy/faq.html]
[demo.artureanec.com/html/r-energy/img/page_8.jpg]
[demo.artureanec.com/html/r-energy/blog.html]
[demo.artureanec.com/html/r-energy/img/page_9.jpg]
[demo.artureanec.com/html/r-energy/contacts.html]
[demo.artureanec.com/html/r-energy/img/page_10.jpg]
[demo.artureanec.com/html/r-energy/gallery.html]
[demo.artureanec.com/html/r-energy/img/page_11.jpg]
[demo.artureanec.com/html/r-energy/img/features_1.png]
[demo.artureanec.com/html/r-energy/catalog-page.html]
[demo.artureanec.com/html/r-energy/icon-list.html]
[demo.artureanec.com/html/r-energy/img/features_2.png]
[demo.artureanec.com/html/r-energy/img/features_3.png]
[demo.artureanec.com/html/r-energy/pricing-tables.html]
[demo.artureanec.com/html/r-energy/img/node.png]
[demo.artureanec.com/html/r-energy/img/gulp.png]
[demo.artureanec.com/html/r-energy/img/bootstrap.png]
[demo.artureanec.com/html/r-energy/img/jquery.png]
[ajax.googleapis.com/ajax/libs/jquery/2.2.4/jquery.min.js]
[demo.artureanec.com/html/r-energy/intro.html]
[demo.artureanec.com/html/r-energy/js/libs.min.js]
[demo.artureanec.com/html/r-energy/js/common.min.js]
[demo.artureanec.com/html/r-energy/fonts/font-awesome/fontawesome-webfont3e6e.eot]
[demo.artureanec.com/html/r-energy/fonts/font-awesome/fontawesome-webfontd41d.eot]
[demo.artureanec.com/html/r-energy/fonts/font-awesome/fontawesome-webfont3e6e.woff2]
[demo.artureanec.com/html/r-energy/fonts/font-awesome/fontawesome-webfont3e6e.woff]
[demo.artureanec.com/html/r-energy/fonts/font-awesome/fontawesome-webfont3e6e.ttf]
[demo.artureanec.com/html/r-energy/fonts/font-awesome/fontawesome-webfont3e6e.svg]
[demo.artureanec.com/html/r-energy/fonts/font-awesome/fontawesome-webfont.eot]
[demo.artureanec.com/html/r-energy/fonts/font-awesome/fontawesome-webfont.woff]
[demo.artureanec.com/html/r-energy/fonts/font-awesome/fontawesome-webfont.ttf]
[demo.artureanec.com/html/r-energy/css/styles.min.css]
[demo.artureanec.com/html/r-energy/blog-detail.html]
[demo.artureanec.com/html/r-energy/typography.html]
[demo.artureanec.com/html/r-energy/404.html]
[demo.artureanec.com/html/r-energy/shop-product.html]
[demo.artureanec.com/html/r-energy/shopping-cart.html]
[demo.artureanec.com/html/r-energy/shopping-checkout.html]
[demo.artureanec.com/html/r-energy/testimonials.html]
[demo.artureanec.com/html/r-energy/accordions.html]
[demo.artureanec.com/html/r-energy/team.html]
[demo.artureanec.com/html/r-energy/logos.html]
[demo.artureanec.com/html/r-energy/tabs.html]
[demo.artureanec.com/html/r-energy/buttons.html]
[demo.artureanec.com/html/r-energy/alerts.html]
[demo.artureanec.com/html/r-energy/breadcrumbs.html]
[demo.artureanec.com/html/r-energy/charts.html]
[demo.artureanec.com/html/r-energy/pagination.html]
[demo.artureanec.com/html/r-energy/counters.html]
[demo.artureanec.com/html/r-energy/progress-bars.html]
[demo.artureanec.com/html/r-energy/img/promo-1.jpg]
[demo.artureanec.com/html/r-energy/account.html]
[demo.artureanec.com/html/r-energy/img/promo-2.jpg]
[demo.artureanec.com/html/r-energy/img/promo-3.jpg]
[demo.artureanec.com/html/r-energy/img/video-bg.jpg]
[demo.artureanec.com/html/r-energy/img/serv-1.png]
[demo.artureanec.com/html/r-energy/img/serv-2.png]
[demo.artureanec.com/html/r-energy/img/serv-3.png]
[demo.artureanec.com/html/r-energy/img/serv-4.png]
[demo.artureanec.com/html/r-energy/img/about-bg.jpg]
[demo.artureanec.com/html/r-energy/img/gallery-1.jpg]
[demo.artureanec.com/html/r-energy/img/gallery-2.jpg]
[demo.artureanec.com/html/r-energy/img/gallery-3.jpg]
[demo.artureanec.com/html/r-energy/img/gallery-4.jpg]
[demo.artureanec.com/html/r-energy/img/gallery-5.jpg]
[demo.artureanec.com/html/r-energy/img/gallery-6.jpg]
[demo.artureanec.com/html/r-energy/img/gallery-7.jpg]
[demo.artureanec.com/html/r-energy/img/blog-1.jpg]
[demo.artureanec.com/html/r-energy/img/blog-2.jpg]
[demo.artureanec.com/html/r-energy/img/banner-mobile.jpg]
[demo.artureanec.com/html/r-energy/img/brand-1.png]
[demo.artureanec.com/html/r-energy/img/brand-2.png]
[demo.artureanec.com/html/r-energy/img/brand-3.png]
[demo.artureanec.com/html/r-energy/img/brand-4.png]
[demo.artureanec.com/html/r-energy/img/brand-5.png]
[demo.artureanec.com/html/r-energy/img/placeholder.png]
[demo.artureanec.com/html/r-energy/index.html]
[demo.artureanec.com/html/r-energy/img/video-bg_2.jpg]
[demo.artureanec.com/html/r-energy/img/serv-img-1.png]
[demo.artureanec.com/html/r-energy/img/serv-img-2.png]
[demo.artureanec.com/html/r-energy/img/serv-img-3.png]
[demo.artureanec.com/html/r-energy/img/blog-in-8.jpg]
[demo.artureanec.com/html/r-energy/img/blog-in-6.jpg]
[demo.artureanec.com/html/r-energy/img/blog-in-5.jpg]
[demo.artureanec.com/html/r-energy/img/map-img.png]
[demo.artureanec.com/html/r-energy/img/device-bg.png]
[demo.artureanec.com/html/r-energy/img/relevant-bg.jpg]
[demo.artureanec.com/html/r-energy/img/relevant-img-1.png]
[demo.artureanec.com/html/r-energy/img/relevant-img-2.png]
[demo.artureanec.com/html/r-energy/img/man-img.jpg]
[demo.artureanec.com/html/r-energy/img/news-thumb-1.jpg]
[demo.artureanec.com/html/r-energy/img/news-thumb-2.jpg]
[demo.artureanec.com/html/r-energy/img/news-thumb-3.jpg]
[demo.artureanec.com/html/r-energy/img/news--style-2-bg.jpg]
[demo.artureanec.com/html/r-energy/img/svg/logo1.svg]
[demo.artureanec.com/html/r-energy/img/svg/logo2.svg]
[demo.artureanec.com/html/r-energy/index-2.html]
[demo.artureanec.com/html/r-energy/img/svg/logo3.svg]
[demo.artureanec.com/html/r-energy/img/serv-in-bg-1.jpg]
[demo.artureanec.com/html/r-energy/img/serv-in-bg-2.jpg]
[demo.artureanec.com/html/r-energy/img/serv-in-bg-3.jpg]
[demo.artureanec.com/html/r-energy/img/features-1.jpg]
[demo.artureanec.com/html/r-energy/img/features-2.jpg]
[demo.artureanec.com/html/r-energy/img/product-1.png]
[demo.artureanec.com/html/r-energy/img/product-2.png]
[demo.artureanec.com/html/r-energy/img/product-3.png]
[demo.artureanec.com/html/r-energy/img/product-4.png]
[demo.artureanec.com/html/r-energy/img/product-7.png]
[demo.artureanec.com/html/r-energy/img/google-badge.png]
[demo.artureanec.com/html/r-energy/img/apple-badge.png]
[demo.artureanec.com/html/r-energy/img/img-phone.png]
[demo.artureanec.com/html/r-energy/img/blog-bg-1.jpg]
[demo.artureanec.com/html/r-energy/img/blog-bg-2.jpg]
[demo.artureanec.com/html/r-energy/img/ig-1.jpg]
[demo.artureanec.com/html/r-energy/img/ig-2.jpg]
[demo.artureanec.com/html/r-energy/img/ig-3.jpg]
[demo.artureanec.com/html/r-energy/img/ig-4.jpg]
[demo.artureanec.com/html/r-energy/img/ig-5.jpg]
[demo.artureanec.com/html/r-energy/img/ig-6.jpg]
[demo.artureanec.com/html/r-energy/index-3.html]
[demo.artureanec.com/html/r-energy/img/about.jpg]
[demo.artureanec.com/html/r-energy/img/video-sect-bg.jpg]
[demo.artureanec.com/html/r-energy/img/team-bg-1.jpg]
[demo.artureanec.com/html/r-energy/img/team-bg-2.jpg]
[demo.artureanec.com/html/r-energy/img/team-bg-3.jpg]
[demo.artureanec.com/html/r-energy/img/team-bg-4.jpg]
[demo.artureanec.com/html/r-energy/img/team-bg-5.jpg]
[demo.artureanec.com/html/r-energy/img/team-bg-6.jpg]
[demo.artureanec.com/html/r-energy/about.html]
[demo.artureanec.com/html/r-energy/img/services.jpg]
[demo.artureanec.com/html/r-energy/img/serv-in-bg-4.jpg]
[demo.artureanec.com/html/r-energy/img/serv-in-bg-5.jpg]
[demo.artureanec.com/html/r-energy/img/serv-in-bg-6.jpg]
[demo.artureanec.com/html/r-energy/services.html]
[demo.artureanec.com/html/r-energy/img/services-details.jpg]
[demo.artureanec.com/html/r-energy/img/pdf-bg.png]
[demo.artureanec.com/html/r-energy/img/details-img.jpg]
[demo.artureanec.com/html/r-energy/services-details.html]
[demo.artureanec.com/html/r-energy/img/cases.jpg]
[demo.artureanec.com/html/r-energy/cases.html]
[demo.artureanec.com/html/r-energy/img/cases-details.jpg]
[demo.artureanec.com/html/r-energy/cases-details.html]
[demo.artureanec.com/html/r-energy/img/products.jpg]
[demo.artureanec.com/html/r-energy/img/product-5.png]
[demo.artureanec.com/html/r-energy/img/product-6.png]
[demo.artureanec.com/html/r-energy/img/product-8.png]
[demo.artureanec.com/html/r-energy/products.html]
[demo.artureanec.com/html/r-energy/img/product-details.jpg]
[demo.artureanec.com/html/r-energy/img/details-1.jpg]
[demo.artureanec.com/html/r-energy/img/details-2.jpg]
[demo.artureanec.com/html/r-energy/img/info-inner-bg.jpg]
[demo.artureanec.com/html/r-energy/img/book-1.png]
[demo.artureanec.com/html/r-energy/img/book-2.png]
[demo.artureanec.com/html/r-energy/product-details.html]
[demo.artureanec.com/html/r-energy/img/contacts.jpg]
[demo.artureanec.com/html/r-energy/faq.html]
[demo.artureanec.com/html/r-energy/img/elements.jpg]
[demo.artureanec.com/html/r-energy/img/article-bg.jpg]
[demo.artureanec.com/html/r-energy/img/recent-1.jpg]
[demo.artureanec.com/html/r-energy/img/recent-2.jpg]
[demo.artureanec.com/html/r-energy/img/recent-3.jpg]
[demo.artureanec.com/html/r-energy/blog.html]
[demo.artureanec.com/html/r-energy/img/world-map.png]
[demo.artureanec.com/html/r-energy/contacts.html]
[demo.artureanec.com/html/r-energy/gallery.html]
[demo.artureanec.com/html/r-energy/img/catalog-bg.jpg]
[demo.artureanec.com/html/r-energy/img/product-9.png]
[demo.artureanec.com/html/r-energy/catalog-page.html]
[demo.artureanec.com/html/r-energy/img/svg/variant_1/1.svg]
[demo.artureanec.com/html/r-energy/img/svg/variant_1/2.svg]
[demo.artureanec.com/html/r-energy/img/svg/variant_1/3.svg]
[demo.artureanec.com/html/r-energy/img/svg/variant_1/4.svg]
[demo.artureanec.com/html/r-energy/img/svg/variant_1/5.svg]
[demo.artureanec.com/html/r-energy/img/svg/variant_1/6.svg]
[demo.artureanec.com/html/r-energy/img/svg/variant_1/7.svg]
[demo.artureanec.com/html/r-energy/img/svg/variant_1/8.svg]
[demo.artureanec.com/html/r-energy/img/svg/variant_1/9.svg]
[demo.artureanec.com/html/r-energy/img/svg/variant_2/1.svg]
[demo.artureanec.com/html/r-energy/img/svg/variant_2/2.svg]
[demo.artureanec.com/html/r-energy/img/svg/variant_2/3.svg]
[demo.artureanec.com/html/r-energy/img/svg/variant_2/4.svg]
[demo.artureanec.com/html/r-energy/img/svg/variant_2/5.svg]
[demo.artureanec.com/html/r-energy/img/svg/variant_2/6.svg]
[demo.artureanec.com/html/r-energy/img/svg/variant_2/10.svg]
[demo.artureanec.com/html/r-energy/img/svg/variant_2/11.svg]
[demo.artureanec.com/html/r-energy/img/svg/variant_2/13.svg]
[demo.artureanec.com/html/r-energy/img/svg/variant_2/14.svg]
[demo.artureanec.com/html/r-energy/img/svg/variant_2/15.svg]
[demo.artureanec.com/html/r-energy/img/svg/variant_4/1.svg]
[demo.artureanec.com/html/r-energy/img/svg/variant_4/2.svg]
[demo.artureanec.com/html/r-energy/img/svg/variant_4/3.svg]
[demo.artureanec.com/html/r-energy/img/svg/variant_4/5.svg]
[demo.artureanec.com/html/r-energy/img/svg/variant_4/6.svg]
[demo.artureanec.com/html/r-energy/img/svg/variant_4/7.svg]
[demo.artureanec.com/html/r-energy/img/svg/variant_4/8.svg]
[demo.artureanec.com/html/r-energy/img/svg/variant_4/9.svg]
[demo.artureanec.com/html/r-energy/img/svg/variant_4/10.svg]
[demo.artureanec.com/html/r-energy/img/svg/variant_4/11.svg]
[demo.artureanec.com/html/r-energy/img/svg/variant_4/12.svg]
[demo.artureanec.com/html/r-energy/img/svg/variant_4/13.svg]
[demo.artureanec.com/html/r-energy/img/svg/variant_4/14.svg]
[demo.artureanec.com/html/r-energy/img/svg/variant_4/15.svg]
[demo.artureanec.com/html/r-energy/img/svg/variant_4/16.svg]
[demo.artureanec.com/html/r-energy/img/svg/variant_6/1.svg]
[demo.artureanec.com/html/r-energy/img/svg/variant_6/2.svg]
[demo.artureanec.com/html/r-energy/img/svg/variant_6/3.svg]
[demo.artureanec.com/html/r-energy/img/svg/variant_6/4.svg]
[demo.artureanec.com/html/r-energy/img/svg/variant_6/5.svg]
[demo.artureanec.com/html/r-energy/img/svg/variant_6/6.svg]
[demo.artureanec.com/html/r-energy/img/svg/variant_6/7.svg]
[demo.artureanec.com/html/r-energy/img/svg/variant_6/8.svg]
[demo.artureanec.com/html/r-energy/img/svg/variant_6/9.svg]
[demo.artureanec.com/html/r-energy/img/svg/variant_6/10.svg]
[demo.artureanec.com/html/r-energy/img/svg/variant_7/4.svg]
[demo.artureanec.com/html/r-energy/img/svg/variant_7/16.svg]
[demo.artureanec.com/html/r-energy/img/svg/variant_7/23.svg]
[demo.artureanec.com/html/r-energy/img/svg/variant_8/1.svg]
[demo.artureanec.com/html/r-energy/img/svg/variant_8/2.svg]
[demo.artureanec.com/html/r-energy/img/svg/variant_8/3.svg]
[demo.artureanec.com/html/r-energy/icon-list.html]
[demo.artureanec.com/html/r-energy/pricing-tables.html]
[demo.artureanec.com/html/r-energy/fonts/font-awesome/fontawesome-webfont3e6e.svg]
[demo.artureanec.com/html/r-energy/img/svg/envelope.svg]
[demo.artureanec.com/html/r-energy/img/svg/check.svg]
[demo.artureanec.com/html/r-energy/img/svg/variant_8/4.svg]
[demo.artureanec.com/html/r-energy/img/blog-detail.jpg]
[demo.artureanec.com/html/r-energy/img/blog-detail-img.jpg]
[demo.artureanec.com/html/r-energy/img/author-img.jpg]
[demo.artureanec.com/html/r-energy/img/author-2.jpg]
[demo.artureanec.com/html/r-energy/img/author-3.jpg]
[demo.artureanec.com/html/r-energy/img/author-4.jpg]
[demo.artureanec.com/html/r-energy/blog-detail.html]
[demo.artureanec.com/html/r-energy/img/typography.jpg]
[demo.artureanec.com/html/r-energy/typography.html]
[demo.artureanec.com/html/r-energy/img/404-bg.jpg]
[demo.artureanec.com/html/r-energy/404.html]
[demo.artureanec.com/html/r-energy/img/product-sl-1.png]
[demo.artureanec.com/html/r-energy/img/product-sl-2.png]
[demo.artureanec.com/html/r-energy/img/product-sl-3.png]
[demo.artureanec.com/html/r-energy/img/product-sl-4.png]
[demo.artureanec.com/html/r-energy/img/nav-sl-1.png]
[demo.artureanec.com/html/r-energy/img/nav-sl-2.png]
[demo.artureanec.com/html/r-energy/img/nav-sl-3.png]
[demo.artureanec.com/html/r-energy/img/nav-sl-4.png]
[demo.artureanec.com/html/r-energy/shop-product.html]
[demo.artureanec.com/html/r-energy/shopping-cart.html]
[demo.artureanec.com/html/r-energy/shopping-checkout.html]
[demo.artureanec.com/html/r-energy/img/man-2-img.jpg]
[demo.artureanec.com/html/r-energy/testimonials.html]
[demo.artureanec.com/html/r-energy/accordions.html]
[demo.artureanec.com/html/r-energy/img/dark-team-1.jpg]
[demo.artureanec.com/html/r-energy/img/dark-team-4.jpg]
[demo.artureanec.com/html/r-energy/img/dark-team-3.jpg]
[demo.artureanec.com/html/r-energy/img/dark-team-2.jpg]
[demo.artureanec.com/html/r-energy/team.html]
[demo.artureanec.com/html/r-energy/img/logo-1.png]
[demo.artureanec.com/html/r-energy/img/logo-2.png]
[demo.artureanec.com/html/r-energy/img/logo-3.png]
[demo.artureanec.com/html/r-energy/img/logo-4.png]
[demo.artureanec.com/html/r-energy/img/logo-5.png]
[demo.artureanec.com/html/r-energy/img/logo-6.png]
[demo.artureanec.com/html/r-energy/img/logo-7.png]
[demo.artureanec.com/html/r-energy/img/logo-8.png]
[demo.artureanec.com/html/r-energy/img/logo-9.png]
[demo.artureanec.com/html/r-energy/img/logo-10.png]
[demo.artureanec.com/html/r-energy/img/logo-11.png]
[demo.artureanec.com/html/r-energy/img/logo-12.png]
[demo.artureanec.com/html/r-energy/logos.html]
[demo.artureanec.com/html/r-energy/tabs.html]
[demo.artureanec.com/html/r-energy/buttons.html]
[demo.artureanec.com/html/r-energy/alerts.html]
[demo.artureanec.com/html/r-energy/breadcrumbs.html]
[demo.artureanec.com/html/r-energy/charts.html]
[demo.artureanec.com/html/r-energy/counters.html]
[demo.artureanec.com/html/r-energy/pagination.html]
[demo.artureanec.com/html/r-energy/progress-bars.html]
[demo.artureanec.com/html/r-energy/account.html]
[demo.artureanec.com/html/r-energy/img/svg/logo1.svg]
[demo.artureanec.com/html/r-energy/img/svg/logo2.svg]
[demo.artureanec.com/html/r-energy/img/svg/logo3.svg]
[demo.artureanec.com/html/r-energy/img/svg/variant_1/1.svg]
[demo.artureanec.com/html/r-energy/img/svg/variant_1/2.svg]
[demo.artureanec.com/html/r-energy/img/svg/variant_1/3.svg]
[demo.artureanec.com/html/r-energy/img/svg/variant_1/4.svg]
[demo.artureanec.com/html/r-energy/img/svg/variant_1/5.svg]
[demo.artureanec.com/html/r-energy/img/svg/variant_1/6.svg]
[demo.artureanec.com/html/r-energy/img/svg/variant_1/7.svg]
[demo.artureanec.com/html/r-energy/img/svg/variant_1/8.svg]
[demo.artureanec.com/html/r-energy/img/svg/variant_1/9.svg]
[demo.artureanec.com/html/r-energy/img/svg/variant_2/1.svg]
[demo.artureanec.com/html/r-energy/img/svg/variant_2/2.svg]
[demo.artureanec.com/html/r-energy/img/svg/variant_2/3.svg]
[demo.artureanec.com/html/r-energy/img/svg/variant_2/4.svg]
[demo.artureanec.com/html/r-energy/img/svg/variant_2/5.svg]
[demo.artureanec.com/html/r-energy/img/svg/variant_2/6.svg]
[demo.artureanec.com/html/r-energy/img/svg/variant_2/7.svg]
[demo.artureanec.com/html/r-energy/img/svg/variant_2/8.svg]
[demo.artureanec.com/html/r-energy/img/svg/variant_2/9.svg]
[demo.artureanec.com/html/r-energy/img/svg/variant_2/10.svg]
[demo.artureanec.com/html/r-energy/img/svg/variant_2/11.svg]
[demo.artureanec.com/html/r-energy/img/svg/variant_2/12.svg]
[demo.artureanec.com/html/r-energy/img/svg/variant_2/13.svg]
[demo.artureanec.com/html/r-energy/img/svg/variant_2/14.svg]
[demo.artureanec.com/html/r-energy/img/svg/variant_2/15.svg]
[demo.artureanec.com/html/r-energy/img/svg/variant_4/1.svg]
[demo.artureanec.com/html/r-energy/img/svg/variant_4/2.svg]
[demo.artureanec.com/html/r-energy/img/svg/variant_4/3.svg]
[demo.artureanec.com/html/r-energy/img/svg/variant_4/4.svg]
[demo.artureanec.com/html/r-energy/img/svg/variant_4/5.svg]
[demo.artureanec.com/html/r-energy/img/svg/variant_4/6.svg]
[demo.artureanec.com/html/r-energy/img/svg/variant_4/7.svg]
[demo.artureanec.com/html/r-energy/img/svg/variant_4/8.svg]
[demo.artureanec.com/html/r-energy/img/svg/variant_4/9.svg]
[demo.artureanec.com/html/r-energy/img/svg/variant_4/10.svg]
[demo.artureanec.com/html/r-energy/img/svg/variant_4/11.svg]
[demo.artureanec.com/html/r-energy/img/svg/variant_4/12.svg]
[demo.artureanec.com/html/r-energy/img/svg/variant_4/13.svg]
[demo.artureanec.com/html/r-energy/img/svg/variant_4/14.svg]
[demo.artureanec.com/html/r-energy/img/svg/variant_4/15.svg]
[demo.artureanec.com/html/r-energy/img/svg/variant_4/16.svg]
[demo.artureanec.com/html/r-energy/img/svg/variant_6/1.svg]
[demo.artureanec.com/html/r-energy/img/svg/variant_6/2.svg]
[demo.artureanec.com/html/r-energy/img/svg/variant_6/3.svg]
[demo.artureanec.com/html/r-energy/img/svg/variant_6/4.svg]
[demo.artureanec.com/html/r-energy/img/svg/variant_6/5.svg]
[demo.artureanec.com/html/r-energy/img/svg/variant_6/6.svg]
[demo.artureanec.com/html/r-energy/img/svg/variant_6/7.svg]
[demo.artureanec.com/html/r-energy/img/svg/variant_6/8.svg]
[demo.artureanec.com/html/r-energy/img/svg/variant_6/9.svg]
[demo.artureanec.com/html/r-energy/img/svg/variant_6/10.svg]
[demo.artureanec.com/html/r-energy/img/svg/variant_7/1.svg]
[demo.artureanec.com/html/r-energy/img/svg/variant_7/2.svg]
[demo.artureanec.com/html/r-energy/img/svg/variant_7/3.svg]
[demo.artureanec.com/html/r-energy/img/svg/variant_7/4.svg]
[demo.artureanec.com/html/r-energy/img/svg/variant_7/5.svg]
[demo.artureanec.com/html/r-energy/img/svg/variant_7/6.svg]
[demo.artureanec.com/html/r-energy/img/svg/variant_7/7.svg]
[demo.artureanec.com/html/r-energy/img/svg/variant_7/8.svg]
[demo.artureanec.com/html/r-energy/img/svg/variant_7/9.svg]
[demo.artureanec.com/html/r-energy/img/svg/variant_7/10.svg]
[demo.artureanec.com/html/r-energy/img/svg/variant_7/11.svg]
[demo.artureanec.com/html/r-energy/img/svg/variant_7/12.svg]
[demo.artureanec.com/html/r-energy/img/svg/variant_7/13.svg]
[demo.artureanec.com/html/r-energy/img/svg/variant_7/14.svg]
[demo.artureanec.com/html/r-energy/img/svg/variant_7/15.svg]
[demo.artureanec.com/html/r-energy/img/svg/variant_7/16.svg]
[demo.artureanec.com/html/r-energy/img/svg/variant_7/17.svg]
[demo.artureanec.com/html/r-energy/img/svg/variant_7/18.svg]
[demo.artureanec.com/html/r-energy/img/svg/variant_7/19.svg]
[demo.artureanec.com/html/r-energy/img/svg/variant_7/20.svg]
[demo.artureanec.com/html/r-energy/img/svg/variant_7/21.svg]
[demo.artureanec.com/html/r-energy/img/svg/variant_7/22.svg]
[demo.artureanec.com/html/r-energy/img/svg/variant_7/23.svg]
[demo.artureanec.com/html/r-energy/img/svg/variant_7/24.svg]
[demo.artureanec.com/html/r-energy/img/svg/variant_7/25.svg]
[demo.artureanec.com/html/r-energy/img/svg/variant_8/1.svg]
[demo.artureanec.com/html/r-energy/img/svg/variant_8/2.svg]
[demo.artureanec.com/html/r-energy/img/svg/variant_8/3.svg]
[demo.artureanec.com/html/r-energy/img/svg/variant_8/4.svg]
